[09/21/2022 19:12:58] Debug: Session id: d726d04d-5868-47dd-8d5a-b455f9a5d1b7
[09/21/2022 19:12:58] Debug: Code Processor information: Name :SnowConvert, Version: 9.0.49.0
[09/21/2022 19:12:59] Debug: Getting license
[09/21/2022 19:12:59] Debug: License information
	Status: Failed
	Message: No active license available.
[09/21/2022 19:12:59] Info: Starting to validate parameters
[09/21/2022 19:12:59] Info: Parameters to validate: 
	Execution mode: Conversion
	LICENSE_KEY: a3372138-b87e-4a08-b929-3b48b24c63f1
[09/21/2022 19:12:59] Info: Validation of parameters: Success
[09/21/2022 19:12:59] Debug: Getting code descriptor
[09/21/2022 19:12:59] Debug: Code descriptor information
	Units: 51
	Units type: LOC
	All file bytes: 2141
	All found extensions: .sql,.dml,.ddl,.bteq,.btq,.fl,.fload,.ml,.mload,.mld,.tp,.tpump,.tpt
[09/21/2022 19:12:59] Debug: Calculating fingerprint
[09/21/2022 19:12:59] Debug: Fingerprint information Fingerprint(size=2141,projects=1)
[09/21/2022 19:12:59] Info: Starting to try to validate online license for execution
[09/21/2022 19:13:00] Debug: Getting license
[09/21/2022 19:13:00] Debug: License information
	Status: Failed
	Message: No active license available.
[09/21/2022 19:13:00] Debug: Starting the execution of the controller
[09/21/2022 19:13:02] Debug: Executing the worker: SnowConvert
[09/21/2022 19:13:12] Debug: Finished executing the worker: SnowConvert
[09/21/2022 19:13:14] Info: Controller execution ended
